# JRE version: OpenJDK Runtime Environment Microsoft-13106358 (17.0.18+8) (build 17.0.18+8-LTS)
# Java VM: OpenJDK 64-Bit Server VM Microsoft-13106358 (17.0.18+8-LTS, mixed mode, sharing, tiered, compressed oops, compressed class ptrs, g1 gc, windows-amd64)
GC Precious Log:
 CPUs: 12 total, 12 available
 Memory: 16310M
 Large Page Support: Disabled
 NUMA Support: Disabled
 Compressed Oops: Enabled (Zero based)
 Heap Region Size: 2M
 Heap Min Capacity: 8M
 Heap Initial Capacity: 256M
 Heap Max Capacity: 4078M
 Pre-touch: Disabled
 Parallel Workers: 10
 Concurrent Workers: 3
 Concurrent Refinement Workers: 10
 Periodic GC: Disabled
Heap:
 garbage-first heap   total 81920K, used 55668K [0x0000000701200000, 0x0000000800000000)
  region size 2048K, 21 young (43008K), 3 survivors (6144K)
 Metaspace       used 46371K, committed 46848K, reserved 1114112K
  class space    used 6200K, committed 6400K, reserved 1048576K
GC Heap History (16 events):
Event: 0.518 GC heap before
{Heap before GC invocations=0 (full 0):
 garbage-first heap   total 262144K, used 20480K [0x0000000701200000, 0x0000000800000000)
  region size 2048K, 11 young (22528K), 0 survivors (0K)
 Metaspace       used 5377K, committed 5568K, reserved 1114112K
  class space    used 616K, committed 704K, reserved 1048576K
}
Event: 0.521 GC heap after
{Heap after GC invocations=1 (full 0):
 garbage-first heap   total 262144K, used 7350K [0x0000000701200000, 0x0000000800000000)
  region size 2048K, 2 young (4096K), 2 survivors (4096K)
 Metaspace       used 5377K, committed 5568K, reserved 1114112K
  class space    used 616K, committed 704K, reserved 1048576K
}
Event: 0.954 GC heap before
{Heap before GC invocations=1 (full 0):
 garbage-first heap   total 262144K, used 33974K [0x0000000701200000, 0x0000000800000000)
  region size 2048K, 15 young (30720K), 2 survivors (4096K)
 Metaspace       used 12197K, committed 12544K, reserved 1114112K
  class space    used 1590K, committed 1728K, reserved 1048576K
}
Event: 0.958 GC heap after
{Heap after GC invocations=2 (full 0):
 garbage-first heap   total 262144K, used 9529K [0x0000000701200000, 0x0000000800000000)
  region size 2048K, 2 young (4096K), 2 survivors (4096K)
 Metaspace       used 12197K, committed 12544K, reserved 1114112K
  class space    used 1590K, committed 1728K, reserved 1048576K
}
Event: 1.267 GC heap before
{Heap before GC invocations=2 (full 0):
 garbage-first heap   total 262144K, used 50489K [0x0000000701200000, 0x0000000800000000)
  region size 2048K, 23 young (47104K), 2 survivors (4096K)
 Metaspace       used 21202K, committed 21568K, reserved 1114112K
  class space    used 2750K, committed 2880K, reserved 1048576K
}
Event: 1.271 GC heap after
{Heap after GC invocations=3 (full 0):
 garbage-first heap   total 262144K, used 12936K [0x0000000701200000, 0x0000000800000000)
  region size 2048K, 3 young (6144K), 3 survivors (6144K)
 Metaspace       used 21202K, committed 21568K, reserved 1114112K
  class space    used 2750K, committed 2880K, reserved 1048576K
}
Event: 1.640 GC heap before
{Heap before GC invocations=4 (full 0):
 garbage-first heap   total 55296K, used 39560K [0x0000000701200000, 0x0000000800000000)
  region size 2048K, 16 young (32768K), 3 survivors (6144K)
 Metaspace       used 24420K, committed 24832K, reserved 1114112K
  class space    used 3163K, committed 3392K, reserved 1048576K
}
Event: 1.647 GC heap after
{Heap after GC invocations=5 (full 0):
 garbage-first heap   total 55296K, used 15095K [0x0000000701200000, 0x0000000800000000)
  region size 2048K, 2 young (4096K), 2 survivors (4096K)
 Metaspace       used 24420K, committed 24832K, reserved 1114112K
  class space    used 3163K, committed 3392K, reserved 1048576K
}
Event: 1.687 GC heap before
{Heap before GC invocations=5 (full 0):
 garbage-first heap   total 55296K, used 17143K [0x0000000701200000, 0x0000000800000000)
  region size 2048K, 3 young (6144K), 2 survivors (4096K)
 Metaspace       used 24726K, committed 25152K, reserved 1114112K
  class space    used 3202K, committed 3392K, reserved 1048576K
}
Event: 1.692 GC heap after
{Heap after GC invocations=6 (full 0):
 garbage-first heap   total 55296K, used 15642K [0x0000000701200000, 0x0000000800000000)
  region size 2048K, 1 young (2048K), 1 survivors (2048K)
 Metaspace       used 24726K, committed 25152K, reserved 1114112K
  class space    used 3202K, committed 3392K, reserved 1048576K
}
Event: 2.084 GC heap before
{Heap before GC invocations=6 (full 0):
 garbage-first heap   total 55296K, used 34074K [0x0000000701200000, 0x0000000800000000)
  region size 2048K, 10 young (20480K), 1 survivors (2048K)
 Metaspace       used 27895K, committed 28288K, reserved 1114112K
  class space    used 3642K, committed 3840K, reserved 1048576K
}
Event: 2.089 GC heap after
{Heap after GC invocations=7 (full 0):
 garbage-first heap   total 55296K, used 16769K [0x0000000701200000, 0x0000000800000000)
  region size 2048K, 1 young (2048K), 1 survivors (2048K)
 Metaspace       used 27895K, committed 28288K, reserved 1114112K
  class space    used 3642K, committed 3840K, reserved 1048576K
}
Event: 2.415 GC heap before
{Heap before GC invocations=7 (full 0):
 garbage-first heap   total 55296K, used 37249K [0x0000000701200000, 0x0000000800000000)
  region size 2048K, 11 young (22528K), 1 survivors (2048K)
 Metaspace       used 30747K, committed 31232K, reserved 1114112K
  class space    used 4081K, committed 4288K, reserved 1048576K
}
Event: 2.420 GC heap after
{Heap after GC invocations=8 (full 0):
 garbage-first heap   total 159744K, used 18885K [0x0000000701200000, 0x0000000800000000)
  region size 2048K, 2 young (4096K), 2 survivors (4096K)
 Metaspace       used 30747K, committed 31232K, reserved 1114112K
  class space    used 4081K, committed 4288K, reserved 1048576K
}
Event: 2.923 GC heap before
{Heap before GC invocations=8 (full 0):
 garbage-first heap   total 159744K, used 39365K [0x0000000701200000, 0x0000000800000000)
  region size 2048K, 13 young (26624K), 2 survivors (4096K)
 Metaspace       used 35517K, committed 35968K, reserved 1114112K
  class space    used 4635K, committed 4864K, reserved 1048576K
}
Event: 2.926 GC heap after
{Heap after GC invocations=9 (full 0):
 garbage-first heap   total 159744K, used 20852K [0x0000000701200000, 0x0000000800000000)
  region size 2048K, 3 young (6144K), 3 survivors (6144K)
 Metaspace       used 35517K, committed 35968K, reserved 1114112K
  class space    used 4635K, committed 4864K, reserved 1048576K
}

